<?xml version="1.0" encoding="UTF-8"?>
<testsuite xmlns:xsi="http://www.w3.org/2001/XMLSchema-instance" xsi:noNamespaceSchemaLocation="https://maven.apache.org/surefire/maven-surefire-plugin/xsd/surefire-test-report-3.0.xsd" version="3.0" name="TestSuite" time="18.555" tests="10" errors="0" skipped="0" failures="3">
  <properties>
    <property name="java.specification.version" value="23"/>
    <property name="sun.cpu.isalist" value="amd64"/>
    <property name="sun.jnu.encoding" value="Cp1252"/>
    <property name="java.class.path" value="C:\Users\RamakrishnaPinjala\eclipse-workspace\samplePractice\target\test-classes;C:\Users\RamakrishnaPinjala\eclipse-workspace\samplePractice\target\classes;C:\Users\RamakrishnaPinjala\.m2\repository\io\rest-assured\json-path\5.3.0\json-path-5.3.0.jar;C:\Users\RamakrishnaPinjala\.m2\repository\org\apache\groovy\groovy-json\4.0.6\groovy-json-4.0.6.jar;C:\Users\RamakrishnaPinjala\.m2\repository\org\apache\groovy\groovy\4.0.6\groovy-4.0.6.jar;C:\Users\RamakrishnaPinjala\.m2\repository\io\rest-assured\rest-assured-common\5.3.0\rest-assured-common-5.3.0.jar;C:\Users\RamakrishnaPinjala\.m2\repository\org\json\json\20220320\json-20220320.jar;C:\Users\RamakrishnaPinjala\.m2\repository\org\testng\testng\7.7.0\testng-7.7.0.jar;C:\Users\RamakrishnaPinjala\.m2\repository\org\slf4j\slf4j-api\1.7.36\slf4j-api-1.7.36.jar;C:\Users\RamakrishnaPinjala\.m2\repository\com\beust\jcommander\1.82\jcommander-1.82.jar;C:\Users\RamakrishnaPinjala\.m2\repository\org\webjars\jquery\3.6.1\jquery-3.6.1.jar;C:\Users\RamakrishnaPinjala\.m2\repository\com\github\scribejava\scribejava-apis\8.3.0\scribejava-apis-8.3.0.jar;C:\Users\RamakrishnaPinjala\.m2\repository\com\github\scribejava\scribejava-core\8.3.0\scribejava-core-8.3.0.jar;C:\Users\RamakrishnaPinjala\.m2\repository\com\github\scribejava\scribejava-java8\8.3.0\scribejava-java8-8.3.0.jar;C:\Users\RamakrishnaPinjala\.m2\repository\io\rest-assured\json-schema-validator\5.1.1\json-schema-validator-5.1.1.jar;C:\Users\RamakrishnaPinjala\.m2\repository\com\github\java-json-tools\json-schema-validator\2.2.14\json-schema-validator-2.2.14.jar;C:\Users\RamakrishnaPinjala\.m2\repository\com\google\guava\guava\28.2-android\guava-28.2-android.jar;C:\Users\RamakrishnaPinjala\.m2\repository\com\google\guava\failureaccess\1.0.1\failureaccess-1.0.1.jar;C:\Users\RamakrishnaPinjala\.m2\repository\com\google\guava\listenablefuture\9999.0-empty-to-avoid-conflict-with-guava\listenablefuture-9999.0-empty-to-avoid-conflict-with-guava.jar;C:\Users\RamakrishnaPinjala\.m2\repository\org\checkerframework\checker-compat-qual\2.5.5\checker-compat-qual-2.5.5.jar;C:\Users\RamakrishnaPinjala\.m2\repository\com\google\errorprone\error_prone_annotations\2.3.4\error_prone_annotations-2.3.4.jar;C:\Users\RamakrishnaPinjala\.m2\repository\com\google\j2objc\j2objc-annotations\1.3\j2objc-annotations-1.3.jar;C:\Users\RamakrishnaPinjala\.m2\repository\com\github\java-json-tools\jackson-coreutils-equivalence\1.0\jackson-coreutils-equivalence-1.0.jar;C:\Users\RamakrishnaPinjala\.m2\repository\com\github\java-json-tools\jackson-coreutils\2.0\jackson-coreutils-2.0.jar;C:\Users\RamakrishnaPinjala\.m2\repository\com\github\java-json-tools\msg-simple\1.2\msg-simple-1.2.jar;C:\Users\RamakrishnaPinjala\.m2\repository\com\github\java-json-tools\btf\1.3\btf-1.3.jar;C:\Users\RamakrishnaPinjala\.m2\repository\com\github\java-json-tools\json-schema-core\1.2.14\json-schema-core-1.2.14.jar;C:\Users\RamakrishnaPinjala\.m2\repository\com\github\java-json-tools\uri-template\0.10\uri-template-0.10.jar;C:\Users\RamakrishnaPinjala\.m2\repository\org\mozilla\rhino\1.7.7.2\rhino-1.7.7.2.jar;C:\Users\RamakrishnaPinjala\.m2\repository\com\sun\mail\mailapi\1.6.2\mailapi-1.6.2.jar;C:\Users\RamakrishnaPinjala\.m2\repository\joda-time\joda-time\2.10.5\joda-time-2.10.5.jar;C:\Users\RamakrishnaPinjala\.m2\repository\com\googlecode\libphonenumber\libphonenumber\8.11.1\libphonenumber-8.11.1.jar;C:\Users\RamakrishnaPinjala\.m2\repository\com\google\code\findbugs\jsr305\3.0.2\jsr305-3.0.2.jar;C:\Users\RamakrishnaPinjala\.m2\repository\net\sf\jopt-simple\jopt-simple\5.0.4\jopt-simple-5.0.4.jar;C:\Users\RamakrishnaPinjala\.m2\repository\org\hamcrest\hamcrest\2.1\hamcrest-2.1.jar;C:\Users\RamakrishnaPinjala\.m2\repository\com\aventstack\extentreports\5.0.9\extentreports-5.0.9.jar;C:\Users\RamakrishnaPinjala\.m2\repository\io\reactivex\rxjava3\rxjava\3.0.4\rxjava-3.0.4.jar;C:\Users\RamakrishnaPinjala\.m2\repository\org\reactivestreams\reactive-streams\1.0.3\reactive-streams-1.0.3.jar;C:\Users\RamakrishnaPinjala\.m2\repository\org\freemarker\freemarker\2.3.30\freemarker-2.3.30.jar;C:\Users\RamakrishnaPinjala\.m2\repository\org\projectlombok\lombok\1.18.12\lombok-1.18.12.jar;C:\Users\RamakrishnaPinjala\.m2\repository\com\google\code\gson\gson\2.8.6\gson-2.8.6.jar;C:\Users\RamakrishnaPinjala\.m2\repository\com\github\javafaker\javafaker\1.0.2\javafaker-1.0.2.jar;C:\Users\RamakrishnaPinjala\.m2\repository\org\apache\commons\commons-lang3\3.5\commons-lang3-3.5.jar;C:\Users\RamakrishnaPinjala\.m2\repository\org\yaml\snakeyaml\1.23\snakeyaml-1.23-android.jar;C:\Users\RamakrishnaPinjala\.m2\repository\com\github\mifmif\generex\1.0.2\generex-1.0.2.jar;C:\Users\RamakrishnaPinjala\.m2\repository\dk\brics\automaton\automaton\1.11-8\automaton-1.11-8.jar;C:\Users\RamakrishnaPinjala\.m2\repository\org\apache\poi\poi\5.2.2\poi-5.2.2.jar;C:\Users\RamakrishnaPinjala\.m2\repository\commons-codec\commons-codec\1.15\commons-codec-1.15.jar;C:\Users\RamakrishnaPinjala\.m2\repository\org\apache\commons\commons-collections4\4.4\commons-collections4-4.4.jar;C:\Users\RamakrishnaPinjala\.m2\repository\org\apache\commons\commons-math3\3.6.1\commons-math3-3.6.1.jar;C:\Users\RamakrishnaPinjala\.m2\repository\commons-io\commons-io\2.11.0\commons-io-2.11.0.jar;C:\Users\RamakrishnaPinjala\.m2\repository\com\zaxxer\SparseBitSet\1.2\SparseBitSet-1.2.jar;C:\Users\RamakrishnaPinjala\.m2\repository\org\apache\logging\log4j\log4j-api\2.17.2\log4j-api-2.17.2.jar;C:\Users\RamakrishnaPinjala\.m2\repository\com\fasterxml\jackson\core\jackson-databind\2.13.3\jackson-databind-2.13.3.jar;C:\Users\RamakrishnaPinjala\.m2\repository\com\fasterxml\jackson\core\jackson-annotations\2.13.3\jackson-annotations-2.13.3.jar;C:\Users\RamakrishnaPinjala\.m2\repository\com\fasterxml\jackson\core\jackson-core\2.13.3\jackson-core-2.13.3.jar;C:\Users\RamakrishnaPinjala\.m2\repository\io\rest-assured\xml-path\5.3.0\xml-path-5.3.0.jar;C:\Users\RamakrishnaPinjala\.m2\repository\org\apache\groovy\groovy-xml\4.0.6\groovy-xml-4.0.6.jar;C:\Users\RamakrishnaPinjala\.m2\repository\org\ccil\cowan\tagsoup\tagsoup\1.2.1\tagsoup-1.2.1.jar;C:\Users\RamakrishnaPinjala\.m2\repository\io\rest-assured\rest-assured\5.3.0\rest-assured-5.3.0.jar;C:\Users\RamakrishnaPinjala\.m2\repository\org\apache\httpcomponents\httpclient\4.5.13\httpclient-4.5.13.jar;C:\Users\RamakrishnaPinjala\.m2\repository\org\apache\httpcomponents\httpcore\4.4.13\httpcore-4.4.13.jar;C:\Users\RamakrishnaPinjala\.m2\repository\commons-logging\commons-logging\1.2\commons-logging-1.2.jar;C:\Users\RamakrishnaPinjala\.m2\repository\org\apache\httpcomponents\httpmime\4.5.13\httpmime-4.5.13.jar;C:\Users\RamakrishnaPinjala\.m2\repository\org\apache\poi\poi-ooxml\5.2.2\poi-ooxml-5.2.2.jar;C:\Users\RamakrishnaPinjala\.m2\repository\org\apache\poi\poi-ooxml-lite\5.2.2\poi-ooxml-lite-5.2.2.jar;C:\Users\RamakrishnaPinjala\.m2\repository\org\apache\xmlbeans\xmlbeans\5.0.3\xmlbeans-5.0.3.jar;C:\Users\RamakrishnaPinjala\.m2\repository\org\apache\commons\commons-compress\1.21\commons-compress-1.21.jar;C:\Users\RamakrishnaPinjala\.m2\repository\com\github\virtuald\curvesapi\1.07\curvesapi-1.07.jar;"/>
    <property name="java.vm.vendor" value="Eclipse Adoptium"/>
    <property name="sun.arch.data.model" value="64"/>
    <property name="user.variant" value=""/>
    <property name="java.vendor.url" value="https://adoptium.net/"/>
    <property name="user.timezone" value="Asia/Calcutta"/>
    <property name="os.name" value="Windows 11"/>
    <property name="java.vm.specification.version" value="23"/>
    <property name="sun.java.launcher" value="SUN_STANDARD"/>
    <property name="user.country" value="IN"/>
    <property name="sun.boot.library.path" value="C:\Users\RamakrishnaPinjala\.p2\pool\plugins\org.eclipse.justj.openjdk.hotspot.jre.full.win32.x86_64_23.0.2.v20250131-0604\jre\bin"/>
    <property name="sun.java.command" value="C:\Users\RamakrishnaPinjala\AppData\Local\Temp\surefire2311763570353056320\surefirebooter14776019003481097537.jar C:\Users\RamakrishnaPinjala\AppData\Local\Temp\surefire2311763570353056320 2025-04-10T13-37-16_249-jvmRun1 surefire3334858133803797345tmp surefire_011041090025327785380tmp"/>
    <property name="jdk.debug" value="release"/>
    <property name="surefire.test.class.path" value="C:\Users\RamakrishnaPinjala\eclipse-workspace\samplePractice\target\test-classes;C:\Users\RamakrishnaPinjala\eclipse-workspace\samplePractice\target\classes;C:\Users\RamakrishnaPinjala\.m2\repository\io\rest-assured\json-path\5.3.0\json-path-5.3.0.jar;C:\Users\RamakrishnaPinjala\.m2\repository\org\apache\groovy\groovy-json\4.0.6\groovy-json-4.0.6.jar;C:\Users\RamakrishnaPinjala\.m2\repository\org\apache\groovy\groovy\4.0.6\groovy-4.0.6.jar;C:\Users\RamakrishnaPinjala\.m2\repository\io\rest-assured\rest-assured-common\5.3.0\rest-assured-common-5.3.0.jar;C:\Users\RamakrishnaPinjala\.m2\repository\org\json\json\20220320\json-20220320.jar;C:\Users\RamakrishnaPinjala\.m2\repository\org\testng\testng\7.7.0\testng-7.7.0.jar;C:\Users\RamakrishnaPinjala\.m2\repository\org\slf4j\slf4j-api\1.7.36\slf4j-api-1.7.36.jar;C:\Users\RamakrishnaPinjala\.m2\repository\com\beust\jcommander\1.82\jcommander-1.82.jar;C:\Users\RamakrishnaPinjala\.m2\repository\org\webjars\jquery\3.6.1\jquery-3.6.1.jar;C:\Users\RamakrishnaPinjala\.m2\repository\com\github\scribejava\scribejava-apis\8.3.0\scribejava-apis-8.3.0.jar;C:\Users\RamakrishnaPinjala\.m2\repository\com\github\scribejava\scribejava-core\8.3.0\scribejava-core-8.3.0.jar;C:\Users\RamakrishnaPinjala\.m2\repository\com\github\scribejava\scribejava-java8\8.3.0\scribejava-java8-8.3.0.jar;C:\Users\RamakrishnaPinjala\.m2\repository\io\rest-assured\json-schema-validator\5.1.1\json-schema-validator-5.1.1.jar;C:\Users\RamakrishnaPinjala\.m2\repository\com\github\java-json-tools\json-schema-validator\2.2.14\json-schema-validator-2.2.14.jar;C:\Users\RamakrishnaPinjala\.m2\repository\com\google\guava\guava\28.2-android\guava-28.2-android.jar;C:\Users\RamakrishnaPinjala\.m2\repository\com\google\guava\failureaccess\1.0.1\failureaccess-1.0.1.jar;C:\Users\RamakrishnaPinjala\.m2\repository\com\google\guava\listenablefuture\9999.0-empty-to-avoid-conflict-with-guava\listenablefuture-9999.0-empty-to-avoid-conflict-with-guava.jar;C:\Users\RamakrishnaPinjala\.m2\repository\org\checkerframework\checker-compat-qual\2.5.5\checker-compat-qual-2.5.5.jar;C:\Users\RamakrishnaPinjala\.m2\repository\com\google\errorprone\error_prone_annotations\2.3.4\error_prone_annotations-2.3.4.jar;C:\Users\RamakrishnaPinjala\.m2\repository\com\google\j2objc\j2objc-annotations\1.3\j2objc-annotations-1.3.jar;C:\Users\RamakrishnaPinjala\.m2\repository\com\github\java-json-tools\jackson-coreutils-equivalence\1.0\jackson-coreutils-equivalence-1.0.jar;C:\Users\RamakrishnaPinjala\.m2\repository\com\github\java-json-tools\jackson-coreutils\2.0\jackson-coreutils-2.0.jar;C:\Users\RamakrishnaPinjala\.m2\repository\com\github\java-json-tools\msg-simple\1.2\msg-simple-1.2.jar;C:\Users\RamakrishnaPinjala\.m2\repository\com\github\java-json-tools\btf\1.3\btf-1.3.jar;C:\Users\RamakrishnaPinjala\.m2\repository\com\github\java-json-tools\json-schema-core\1.2.14\json-schema-core-1.2.14.jar;C:\Users\RamakrishnaPinjala\.m2\repository\com\github\java-json-tools\uri-template\0.10\uri-template-0.10.jar;C:\Users\RamakrishnaPinjala\.m2\repository\org\mozilla\rhino\1.7.7.2\rhino-1.7.7.2.jar;C:\Users\RamakrishnaPinjala\.m2\repository\com\sun\mail\mailapi\1.6.2\mailapi-1.6.2.jar;C:\Users\RamakrishnaPinjala\.m2\repository\joda-time\joda-time\2.10.5\joda-time-2.10.5.jar;C:\Users\RamakrishnaPinjala\.m2\repository\com\googlecode\libphonenumber\libphonenumber\8.11.1\libphonenumber-8.11.1.jar;C:\Users\RamakrishnaPinjala\.m2\repository\com\google\code\findbugs\jsr305\3.0.2\jsr305-3.0.2.jar;C:\Users\RamakrishnaPinjala\.m2\repository\net\sf\jopt-simple\jopt-simple\5.0.4\jopt-simple-5.0.4.jar;C:\Users\RamakrishnaPinjala\.m2\repository\org\hamcrest\hamcrest\2.1\hamcrest-2.1.jar;C:\Users\RamakrishnaPinjala\.m2\repository\com\aventstack\extentreports\5.0.9\extentreports-5.0.9.jar;C:\Users\RamakrishnaPinjala\.m2\repository\io\reactivex\rxjava3\rxjava\3.0.4\rxjava-3.0.4.jar;C:\Users\RamakrishnaPinjala\.m2\repository\org\reactivestreams\reactive-streams\1.0.3\reactive-streams-1.0.3.jar;C:\Users\RamakrishnaPinjala\.m2\repository\org\freemarker\freemarker\2.3.30\freemarker-2.3.30.jar;C:\Users\RamakrishnaPinjala\.m2\repository\org\projectlombok\lombok\1.18.12\lombok-1.18.12.jar;C:\Users\RamakrishnaPinjala\.m2\repository\com\google\code\gson\gson\2.8.6\gson-2.8.6.jar;C:\Users\RamakrishnaPinjala\.m2\repository\com\github\javafaker\javafaker\1.0.2\javafaker-1.0.2.jar;C:\Users\RamakrishnaPinjala\.m2\repository\org\apache\commons\commons-lang3\3.5\commons-lang3-3.5.jar;C:\Users\RamakrishnaPinjala\.m2\repository\org\yaml\snakeyaml\1.23\snakeyaml-1.23-android.jar;C:\Users\RamakrishnaPinjala\.m2\repository\com\github\mifmif\generex\1.0.2\generex-1.0.2.jar;C:\Users\RamakrishnaPinjala\.m2\repository\dk\brics\automaton\automaton\1.11-8\automaton-1.11-8.jar;C:\Users\RamakrishnaPinjala\.m2\repository\org\apache\poi\poi\5.2.2\poi-5.2.2.jar;C:\Users\RamakrishnaPinjala\.m2\repository\commons-codec\commons-codec\1.15\commons-codec-1.15.jar;C:\Users\RamakrishnaPinjala\.m2\repository\org\apache\commons\commons-collections4\4.4\commons-collections4-4.4.jar;C:\Users\RamakrishnaPinjala\.m2\repository\org\apache\commons\commons-math3\3.6.1\commons-math3-3.6.1.jar;C:\Users\RamakrishnaPinjala\.m2\repository\commons-io\commons-io\2.11.0\commons-io-2.11.0.jar;C:\Users\RamakrishnaPinjala\.m2\repository\com\zaxxer\SparseBitSet\1.2\SparseBitSet-1.2.jar;C:\Users\RamakrishnaPinjala\.m2\repository\org\apache\logging\log4j\log4j-api\2.17.2\log4j-api-2.17.2.jar;C:\Users\RamakrishnaPinjala\.m2\repository\com\fasterxml\jackson\core\jackson-databind\2.13.3\jackson-databind-2.13.3.jar;C:\Users\RamakrishnaPinjala\.m2\repository\com\fasterxml\jackson\core\jackson-annotations\2.13.3\jackson-annotations-2.13.3.jar;C:\Users\RamakrishnaPinjala\.m2\repository\com\fasterxml\jackson\core\jackson-core\2.13.3\jackson-core-2.13.3.jar;C:\Users\RamakrishnaPinjala\.m2\repository\io\rest-assured\xml-path\5.3.0\xml-path-5.3.0.jar;C:\Users\RamakrishnaPinjala\.m2\repository\org\apache\groovy\groovy-xml\4.0.6\groovy-xml-4.0.6.jar;C:\Users\RamakrishnaPinjala\.m2\repository\org\ccil\cowan\tagsoup\tagsoup\1.2.1\tagsoup-1.2.1.jar;C:\Users\RamakrishnaPinjala\.m2\repository\io\rest-assured\rest-assured\5.3.0\rest-assured-5.3.0.jar;C:\Users\RamakrishnaPinjala\.m2\repository\org\apache\httpcomponents\httpclient\4.5.13\httpclient-4.5.13.jar;C:\Users\RamakrishnaPinjala\.m2\repository\org\apache\httpcomponents\httpcore\4.4.13\httpcore-4.4.13.jar;C:\Users\RamakrishnaPinjala\.m2\repository\commons-logging\commons-logging\1.2\commons-logging-1.2.jar;C:\Users\RamakrishnaPinjala\.m2\repository\org\apache\httpcomponents\httpmime\4.5.13\httpmime-4.5.13.jar;C:\Users\RamakrishnaPinjala\.m2\repository\org\apache\poi\poi-ooxml\5.2.2\poi-ooxml-5.2.2.jar;C:\Users\RamakrishnaPinjala\.m2\repository\org\apache\poi\poi-ooxml-lite\5.2.2\poi-ooxml-lite-5.2.2.jar;C:\Users\RamakrishnaPinjala\.m2\repository\org\apache\xmlbeans\xmlbeans\5.0.3\xmlbeans-5.0.3.jar;C:\Users\RamakrishnaPinjala\.m2\repository\org\apache\commons\commons-compress\1.21\commons-compress-1.21.jar;C:\Users\RamakrishnaPinjala\.m2\repository\com\github\virtuald\curvesapi\1.07\curvesapi-1.07.jar;"/>
    <property name="sun.cpu.endian" value="little"/>
    <property name="user.home" value="C:\Users\RamakrishnaPinjala"/>
    <property name="user.language" value="en"/>
    <property name="java.specification.vendor" value="Oracle Corporation"/>
    <property name="java.version.date" value="2025-01-21"/>
    <property name="java.home" value="C:\Users\RamakrishnaPinjala\.p2\pool\plugins\org.eclipse.justj.openjdk.hotspot.jre.full.win32.x86_64_23.0.2.v20250131-0604\jre"/>
    <property name="file.separator" value="\"/>
    <property name="basedir" value="C:\Users\RamakrishnaPinjala\eclipse-workspace\samplePractice"/>
    <property name="style.color" value="always"/>
    <property name="java.vm.compressedOopsMode" value="Zero based"/>
    <property name="line.separator" value="&#10;"/>
    <property name="java.vm.specification.vendor" value="Oracle Corporation"/>
    <property name="java.specification.name" value="Java Platform API Specification"/>
    <property name="surefire.real.class.path" value="C:\Users\RamakrishnaPinjala\AppData\Local\Temp\surefire2311763570353056320\surefirebooter14776019003481097537.jar"/>
    <property name="user.script" value=""/>
    <property name="sun.management.compiler" value="HotSpot 64-Bit Tiered Compilers"/>
    <property name="java.runtime.version" value="23.0.2+7"/>
    <property name="user.name" value="RamakrishnaPinjala"/>
    <property name="stdout.encoding" value="Cp1252"/>
    <property name="path.separator" value=";"/>
    <property name="os.version" value="10.0"/>
    <property name="java.runtime.name" value="OpenJDK Runtime Environment"/>
    <property name="file.encoding" value="UTF-8"/>
    <property name="java.vm.name" value="OpenJDK 64-Bit Server VM"/>
    <property name="java.vendor.version" value="Temurin-23.0.2+7"/>
    <property name="localRepository" value="C:\Users\RamakrishnaPinjala\.m2\repository"/>
    <property name="java.vendor.url.bug" value="https://github.com/adoptium/adoptium-support/issues"/>
    <property name="java.io.tmpdir" value="C:\Users\RAMAKR~1\AppData\Local\Temp\"/>
    <property name="java.version" value="23.0.2"/>
    <property name="user.dir" value="C:\Users\RamakrishnaPinjala\eclipse-workspace\samplePractice"/>
    <property name="os.arch" value="amd64"/>
    <property name="java.vm.specification.name" value="Java Virtual Machine Specification"/>
    <property name="sun.os.patch.level" value=""/>
    <property name="native.encoding" value="Cp1252"/>
    <property name="java.library.path" value="C:\Users\RamakrishnaPinjala\.p2\pool\plugins\org.eclipse.justj.openjdk.hotspot.jre.full.win32.x86_64_23.0.2.v20250131-0604\jre\bin;C:\WINDOWS\Sun\Java\bin;C:\WINDOWS\system32;C:\WINDOWS;C:/Users/RamakrishnaPinjala/.p2/pool/plugins/org.eclipse.justj.openjdk.hotspot.jre.full.win32.x86_64_23.0.2.v20250131-0604/jre/bin/server;C:/Users/RamakrishnaPinjala/.p2/pool/plugins/org.eclipse.justj.openjdk.hotspot.jre.full.win32.x86_64_23.0.2.v20250131-0604/jre/bin;C:\Program Files\Common Files\Oracle\Java\javapath;C:\WINDOWS\system32;C:\WINDOWS;C:\WINDOWS\System32\Wbem;C:\WINDOWS\System32\WindowsPowerShell\v1.0\;C:\WINDOWS\System32\OpenSSH\;C:\Program Files\Java\jdk-17\bin;C:\Users\RamakrishnaPinjala\AppData\Local\Microsoft\WindowsApps;;C:\Users\RamakrishnaPinjala\OneDrive - Testhouse Limited\Desktop;;."/>
    <property name="java.vm.info" value="mixed mode, sharing"/>
    <property name="stderr.encoding" value="Cp1252"/>
    <property name="java.vendor" value="Eclipse Adoptium"/>
    <property name="java.vm.version" value="23.0.2+7"/>
    <property name="sun.io.unicode.encoding" value="UnicodeLittle"/>
    <property name="java.class.version" value="67.0"/>
  </properties>
  <testcase name="testPostUser[1010, testuser1, Ramu, Ra, R@gmail.com, test@1, 1234567891](1)" classname="api.test.DDTests" time="3.544">
    <system-err><![CDATA[SLF4J: Failed to load class "org.slf4j.impl.StaticLoggerBinder".
SLF4J: Defaulting to no-operation (NOP) logger implementation
SLF4J: See http://www.slf4j.org/codes.html#StaticLoggerBinder for further details.
ERROR StatusLogger Log4j2 could not find a logging implementation. Please add log4j-core to the classpath. Using SimpleLogger to log to the console...
]]></system-err>
  </testcase>
  <testcase name="testPostUser[1020, testuser2, Somu, So, S@gmail.com, test@2, 1234567891](2)" classname="api.test.DDTests" time="1.598"/>
  <testcase name="testPostUser[1030, testuser3, Pamu, Pa, P@gmail.com, test@3, 1234567891](3)" classname="api.test.DDTests" time="1.798"/>
  <testcase name="testDeleteUserByName[testuser1](1)" classname="api.test.DDTests" time="1.126">
    <failure message="expected [200] but found [404]" type="java.lang.AssertionError"><![CDATA[java.lang.AssertionError: expected [200] but found [404]
	at api.test.DDTests.testDeleteUserByName(DDTests.java:31)
]]></failure>
  </testcase>
  <testcase name="testDeleteUserByName[testuser2](2)" classname="api.test.DDTests" time="1.321">
    <failure message="expected [200] but found [404]" type="java.lang.AssertionError"><![CDATA[java.lang.AssertionError: expected [200] but found [404]
	at api.test.DDTests.testDeleteUserByName(DDTests.java:31)
]]></failure>
  </testcase>
  <testcase name="testDeleteUserByName[testuser3](3)" classname="api.test.DDTests" time="1.155"/>
  <testcase name="testpostuser" classname="api.test.UserTests" time="1.156">
    <system-out><![CDATA[HTTP/1.1 200 OK
Date: Thu, 10 Apr 2025 08:07:33 GMT
Content-Type: application/json
Transfer-Encoding: chunked
Connection: keep-alive
Access-Control-Allow-Origin: *
Access-Control-Allow-Methods: GET, POST, DELETE, PUT
Access-Control-Allow-Headers: Content-Type, api_key, Authorization
Server: Jetty(9.2.9.v20150224)

{
    "code": 200,
    "type": "unknown",
    "message": "171751994"
}
]]></system-out>
  </testcase>
  <testcase name="testgetuser" classname="api.test.UserTests" time="1.059">
    <system-out><![CDATA[HTTP/1.1 200 OK
Date: Thu, 10 Apr 2025 08:07:34 GMT
Content-Type: application/json
Transfer-Encoding: chunked
Connection: keep-alive
Access-Control-Allow-Origin: *
Access-Control-Allow-Methods: GET, POST, DELETE, PUT
Access-Control-Allow-Headers: Content-Type, api_key, Authorization
Server: Jetty(9.2.9.v20150224)

{
    "id": 171751994,
    "username": "meda.marvin",
    "email": "ladawn.walter@example.com",
    "password": "5idq6",
    "phone": "446-616-6129",
    "userStatus": 0
}
]]></system-out>
  </testcase>
  <testcase name="testupdateUserByName" classname="api.test.UserTests" time="2.25">
    <system-out><![CDATA[HTTP/1.1 200 OK
Date: Thu, 10 Apr 2025 08:07:35 GMT
Content-Type: application/json
Transfer-Encoding: chunked
Connection: keep-alive
Access-Control-Allow-Origin: *
Access-Control-Allow-Methods: GET, POST, DELETE, PUT
Access-Control-Allow-Headers: Content-Type, api_key, Authorization
Server: Jetty(9.2.9.v20150224)

{
    "code": 200,
    "type": "unknown",
    "message": "171751994"
}
]]></system-out>
  </testcase>
  <testcase name="deleteuserByName" classname="api.test.UserTests" time="1.272">
    <failure message="expected [200] but found [404]" type="java.lang.AssertionError"><![CDATA[java.lang.AssertionError: expected [200] but found [404]
	at api.test.UserTests.deleteuserByName(UserTests.java:61)
]]></failure>
  </testcase>
</testsuite>