<?xml version="1.0" encoding="UTF-8"?>
<!-- Generated by org.testng.reporters.JUnitReportReporter -->
<testsuite hostname="THSLT10735" failures="0" tests="4" name="api.test.UserTests" time="13.418" errors="0" timestamp="2025-04-10T11:48:04 IST" skipped="0">
  <testcase classname="api.test.UserTests" name="testpostuser" time="4.399"/>
  <system-out/>
  <testcase classname="api.test.UserTests" name="testgetuser" time="1.569"/>
  <system-out/>
  <testcase classname="api.test.UserTests" name="testupdateUserByName" time="5.218"/>
  <system-out/>
  <testcase classname="api.test.UserTests" name="deleteuserByName" time="2.232"/>
  <system-out/>
</testsuite> <!-- api.test.UserTests -->
