<?xml version="1.0" encoding="UTF-8"?>
<!-- Generated by org.testng.reporters.JUnitReportReporter -->
<testsuite hostname="THSLT10735" failures="0" tests="6" name="api.test.DDTests" time="9.324" errors="0" timestamp="2025-04-10T19:21:10 IST" skipped="0">
  <testcase classname="api.test.DDTests" name="testPostUser" time="1.045"/>
  <system-out/>
  <testcase classname="api.test.DDTests" name="testPostUser" time="4.038"/>
  <system-out/>
  <testcase classname="api.test.DDTests" name="testPostUser" time="1.061"/>
  <system-out/>
  <testcase classname="api.test.DDTests" name="testDeleteUserByName" time="1.000"/>
  <system-out/>
  <testcase classname="api.test.DDTests" name="testDeleteUserByName" time="1.114"/>
  <system-out/>
  <testcase classname="api.test.DDTests" name="testDeleteUserByName" time="1.066"/>
  <system-out/>
</testsuite> <!-- api.test.DDTests -->
