<?xml version="1.0" encoding="UTF-8"?>
<!-- Generated by org.testng.reporters.JUnitReportReporter -->
<testsuite hostname="THSLT10735" failures="0" tests="6" name="api.test.DDTests" time="8.958" errors="0" timestamp="2025-04-10T19:58:35 IST" skipped="0">
  <testcase classname="api.test.DDTests" name="testPostUser" time="1.141"/>
  <system-out/>
  <testcase classname="api.test.DDTests" name="testPostUser" time="1.740"/>
  <system-out/>
  <testcase classname="api.test.DDTests" name="testPostUser" time="2.705"/>
  <system-out/>
  <testcase classname="api.test.DDTests" name="testDeleteUserByName" time="1.027"/>
  <system-out/>
  <testcase classname="api.test.DDTests" name="testDeleteUserByName" time="0.995"/>
  <system-out/>
  <testcase classname="api.test.DDTests" name="testDeleteUserByName" time="1.350"/>
  <system-out/>
</testsuite> <!-- api.test.DDTests -->
